  [1m[35m (513.0ms)[0m  [1m[35mCREATE DATABASE "backend_development" ENCODING = 'unicode'[0m
  ↳ /Users/Chris/.rvm/rubies/ruby-2.7.0/lib/ruby/gems/2.7.0/gems/rake-13.0.1/lib/rake/task.rb:281
  [1m[35m (140.5ms)[0m  [1m[35mCREATE DATABASE "backend_test" ENCODING = 'unicode'[0m
  ↳ /Users/Chris/.rvm/rubies/ruby-2.7.0/lib/ruby/gems/2.7.0/gems/rake-13.0.1/lib/rake/task.rb:281
  [1m[35m (199.8ms)[0m  [1m[35mCREATE TABLE "schema_migrations" ("version" character varying NOT NULL PRIMARY KEY)[0m
  ↳ /Users/Chris/.rvm/rubies/ruby-2.7.0/lib/ruby/gems/2.7.0/gems/rake-13.0.1/lib/rake/task.rb:281
  [1m[35m (35.5ms)[0m  [1m[35mCREATE TABLE "ar_internal_metadata" ("key" character varying NOT NULL PRIMARY KEY, "value" character varying, "created_at" timestamp NOT NULL, "updated_at" timestamp NOT NULL)[0m
  ↳ /Users/Chris/.rvm/rubies/ruby-2.7.0/lib/ruby/gems/2.7.0/gems/rake-13.0.1/lib/rake/task.rb:281
  [1m[35m (3.1ms)[0m  [1m[34mSELECT pg_try_advisory_lock(5073945470573576205)[0m
  ↳ /Users/Chris/.rvm/rubies/ruby-2.7.0/lib/ruby/gems/2.7.0/gems/rake-13.0.1/lib/rake/task.rb:281
  [1m[35m (1.1ms)[0m  [1m[34mSELECT "schema_migrations"."version" FROM "schema_migrations" ORDER BY "schema_migrations"."version" ASC[0m
  ↳ /Users/Chris/.rvm/rubies/ruby-2.7.0/lib/ruby/gems/2.7.0/gems/rake-13.0.1/lib/rake/task.rb:281
Migrating to CreateUsers (20200921063920)
  [1m[35m (6.4ms)[0m  [1m[35mBEGIN[0m
  ↳ /Users/Chris/.rvm/rubies/ruby-2.7.0/lib/ruby/gems/2.7.0/gems/rake-13.0.1/lib/rake/task.rb:281
  [1m[35m (38.0ms)[0m  [1m[35mCREATE TABLE "users" ("id" bigserial primary key, "first_name" text, "last_name" text, "email" text, "password_digest" text, "admin" boolean, "created_at" timestamp NOT NULL, "updated_at" timestamp NOT NULL)[0m
  ↳ db/migrate/20200921063920_create_users.rb:3
  [1m[36mActiveRecord::SchemaMigration Create (5.1ms)[0m  [1m[32mINSERT INTO "schema_migrations" ("version") VALUES ($1) RETURNING "version"[0m  [["version", "20200921063920"]]
  ↳ /Users/Chris/.rvm/rubies/ruby-2.7.0/lib/ruby/gems/2.7.0/gems/rake-13.0.1/lib/rake/task.rb:281
  [1m[35m (1.7ms)[0m  [1m[35mCOMMIT[0m
  ↳ /Users/Chris/.rvm/rubies/ruby-2.7.0/lib/ruby/gems/2.7.0/gems/rake-13.0.1/lib/rake/task.rb:281
  [1m[36mActiveRecord::InternalMetadata Load (0.8ms)[0m  [1m[34mSELECT  "ar_internal_metadata".* FROM "ar_internal_metadata" WHERE "ar_internal_metadata"."key" = $1 LIMIT $2[0m  [["key", "environment"], ["LIMIT", 1]]
  ↳ /Users/Chris/.rvm/rubies/ruby-2.7.0/lib/ruby/gems/2.7.0/gems/rake-13.0.1/lib/rake/task.rb:281
  [1m[35m (0.2ms)[0m  [1m[35mBEGIN[0m
  ↳ /Users/Chris/.rvm/rubies/ruby-2.7.0/lib/ruby/gems/2.7.0/gems/rake-13.0.1/lib/rake/task.rb:281
  [1m[36mActiveRecord::InternalMetadata Create (6.0ms)[0m  [1m[32mINSERT INTO "ar_internal_metadata" ("key", "value", "created_at", "updated_at") VALUES ($1, $2, $3, $4) RETURNING "key"[0m  [["key", "environment"], ["value", "development"], ["created_at", "2020-09-21 06:39:46.700516"], ["updated_at", "2020-09-21 06:39:46.700516"]]
  ↳ /Users/Chris/.rvm/rubies/ruby-2.7.0/lib/ruby/gems/2.7.0/gems/rake-13.0.1/lib/rake/task.rb:281
  [1m[35m (0.4ms)[0m  [1m[35mCOMMIT[0m
  ↳ /Users/Chris/.rvm/rubies/ruby-2.7.0/lib/ruby/gems/2.7.0/gems/rake-13.0.1/lib/rake/task.rb:281
  [1m[35m (0.3ms)[0m  [1m[34mSELECT pg_advisory_unlock(5073945470573576205)[0m
  ↳ /Users/Chris/.rvm/rubies/ruby-2.7.0/lib/ruby/gems/2.7.0/gems/rake-13.0.1/lib/rake/task.rb:281
  [1m[35m (1.1ms)[0m  [1m[34mSELECT "schema_migrations"."version" FROM "schema_migrations" ORDER BY "schema_migrations"."version" ASC[0m
  ↳ /Users/Chris/.rvm/rubies/ruby-2.7.0/lib/ruby/gems/2.7.0/gems/rake-13.0.1/lib/rake/task.rb:281
  [1m[35m (2.8ms)[0m  [1m[34mSELECT "schema_migrations"."version" FROM "schema_migrations" ORDER BY "schema_migrations"."version" ASC[0m
  ↳ /Users/Chris/.rvm/rubies/ruby-2.7.0/lib/ruby/gems/2.7.0/gems/rake-13.0.1/lib/rake/task.rb:281
  [1m[35m (3.9ms)[0m  [1m[34mSELECT "schema_migrations"."version" FROM "schema_migrations" ORDER BY "schema_migrations"."version" ASC[0m
  ↳ /Users/Chris/.rvm/rubies/ruby-2.7.0/lib/ruby/gems/2.7.0/gems/rake-13.0.1/lib/rake/task.rb:281
  [1m[36mUser Load (19.9ms)[0m  [1m[34mSELECT "users".* FROM "users"[0m
  ↳ db/seeds.rb:2
  [1m[36mUser Load (0.4ms)[0m  [1m[34mSELECT "users".* FROM "users"[0m
  ↳ db/seeds.rb:5
  [1m[35m (0.2ms)[0m  [1m[35mBEGIN[0m
  ↳ db/seeds.rb:7
  [1m[36mUser Create (32.1ms)[0m  [1m[32mINSERT INTO "users" ("first_name", "last_name", "email", "password_digest", "admin", "created_at", "updated_at") VALUES ($1, $2, $3, $4, $5, $6, $7) RETURNING "id"[0m  [["first_name", "Chris"], ["last_name", "Stevenson"], ["email", "chris@ga.co"], ["password_digest", "$2a$12$log/qBHrzf7AmN0JUSy3PO9rhouA1oEzyrMhY3SrGE1epls9SxvB2"], ["admin", true], ["created_at", "2020-09-22 01:33:20.788846"], ["updated_at", "2020-09-22 01:33:20.788846"]]
  ↳ db/seeds.rb:7
  [1m[35m (3.5ms)[0m  [1m[35mCOMMIT[0m
  ↳ db/seeds.rb:7
  [1m[35m (0.2ms)[0m  [1m[35mBEGIN[0m
  ↳ db/seeds.rb:14
  [1m[36mUser Create (0.6ms)[0m  [1m[32mINSERT INTO "users" ("first_name", "last_name", "email", "password_digest", "admin", "created_at", "updated_at") VALUES ($1, $2, $3, $4, $5, $6, $7) RETURNING "id"[0m  [["first_name", "Luke"], ["last_name", "Hammer"], ["email", "luke@ga.co"], ["password_digest", "$2a$12$8iZvze04it9PMCRFLydmcudPW7UKZn.2h0uNP3IFu12TYqD2iXPaW"], ["admin", false], ["created_at", "2020-09-22 01:33:21.153018"], ["updated_at", "2020-09-22 01:33:21.153018"]]
  ↳ db/seeds.rb:14
  [1m[35m (1.1ms)[0m  [1m[35mCOMMIT[0m
  ↳ db/seeds.rb:14
  [1m[35m (0.2ms)[0m  [1m[35mBEGIN[0m
  ↳ db/seeds.rb:21
  [1m[36mUser Create (0.6ms)[0m  [1m[32mINSERT INTO "users" ("first_name", "last_name", "email", "password_digest", "admin", "created_at", "updated_at") VALUES ($1, $2, $3, $4, $5, $6, $7) RETURNING "id"[0m  [["first_name", "Zara"], ["last_name", "Isp"], ["email", "zara@ga.co"], ["password_digest", "$2a$12$PHWfg0GaZHqEHcPLj2BAruPxK/VKk9OA63UE6a9HBAS41b9xIz04q"], ["admin", false], ["created_at", "2020-09-22 01:33:21.475302"], ["updated_at", "2020-09-22 01:33:21.475302"]]
  ↳ db/seeds.rb:21
  [1m[35m (1.1ms)[0m  [1m[35mCOMMIT[0m
  ↳ db/seeds.rb:21
  [1m[35m (5.1ms)[0m  [1m[34mSELECT COUNT(*) FROM "users"[0m
  ↳ db/seeds.rb:30
  [1m[36mUser Load (3.0ms)[0m  [1m[34mSELECT  "users".* FROM "users" ORDER BY "users"."id" ASC LIMIT $1[0m  [["LIMIT", 1]]
  [1m[35m (6.6ms)[0m  [1m[34mSELECT pg_try_advisory_lock(5073945470573576205)[0m
  ↳ /Users/Chris/.rvm/rubies/ruby-2.7.0/lib/ruby/gems/2.7.0/gems/rake-13.0.1/lib/rake/task.rb:281
  [1m[35m (1.0ms)[0m  [1m[34mSELECT "schema_migrations"."version" FROM "schema_migrations" ORDER BY "schema_migrations"."version" ASC[0m
  ↳ /Users/Chris/.rvm/rubies/ruby-2.7.0/lib/ruby/gems/2.7.0/gems/rake-13.0.1/lib/rake/task.rb:281
Migrating to CreateHouseholds (20200922014003)
  [1m[35m (0.2ms)[0m  [1m[35mBEGIN[0m
  ↳ /Users/Chris/.rvm/rubies/ruby-2.7.0/lib/ruby/gems/2.7.0/gems/rake-13.0.1/lib/rake/task.rb:281
  [1m[35m (92.7ms)[0m  [1m[35mCREATE TABLE "households" ("id" bigserial primary key, "name" text, "created_at" timestamp NOT NULL, "updated_at" timestamp NOT NULL)[0m
  ↳ db/migrate/20200922014003_create_households.rb:3
  [1m[36mActiveRecord::SchemaMigration Create (7.8ms)[0m  [1m[32mINSERT INTO "schema_migrations" ("version") VALUES ($1) RETURNING "version"[0m  [["version", "20200922014003"]]
  ↳ /Users/Chris/.rvm/rubies/ruby-2.7.0/lib/ruby/gems/2.7.0/gems/rake-13.0.1/lib/rake/task.rb:281
  [1m[35m (12.7ms)[0m  [1m[35mCOMMIT[0m
  ↳ /Users/Chris/.rvm/rubies/ruby-2.7.0/lib/ruby/gems/2.7.0/gems/rake-13.0.1/lib/rake/task.rb:281
Migrating to CreateChores (20200922014122)
  [1m[35m (5.7ms)[0m  [1m[35mBEGIN[0m
  ↳ /Users/Chris/.rvm/rubies/ruby-2.7.0/lib/ruby/gems/2.7.0/gems/rake-13.0.1/lib/rake/task.rb:281
  [1m[35m (43.9ms)[0m  [1m[35mCREATE TABLE "chores" ("id" bigserial primary key, "name" text, "location" text, "est_time" integer, "user_id" character varying, "household_id" character varying, "created_at" timestamp NOT NULL, "updated_at" timestamp NOT NULL)[0m
  ↳ db/migrate/20200922014122_create_chores.rb:3
  [1m[36mActiveRecord::SchemaMigration Create (0.6ms)[0m  [1m[32mINSERT INTO "schema_migrations" ("version") VALUES ($1) RETURNING "version"[0m  [["version", "20200922014122"]]
  ↳ /Users/Chris/.rvm/rubies/ruby-2.7.0/lib/ruby/gems/2.7.0/gems/rake-13.0.1/lib/rake/task.rb:281
  [1m[35m (1.6ms)[0m  [1m[35mCOMMIT[0m
  ↳ /Users/Chris/.rvm/rubies/ruby-2.7.0/lib/ruby/gems/2.7.0/gems/rake-13.0.1/lib/rake/task.rb:281
  [1m[36mActiveRecord::InternalMetadata Load (7.1ms)[0m  [1m[34mSELECT  "ar_internal_metadata".* FROM "ar_internal_metadata" WHERE "ar_internal_metadata"."key" = $1 LIMIT $2[0m  [["key", "environment"], ["LIMIT", 1]]
  ↳ /Users/Chris/.rvm/rubies/ruby-2.7.0/lib/ruby/gems/2.7.0/gems/rake-13.0.1/lib/rake/task.rb:281
  [1m[35m (0.2ms)[0m  [1m[35mBEGIN[0m
  ↳ /Users/Chris/.rvm/rubies/ruby-2.7.0/lib/ruby/gems/2.7.0/gems/rake-13.0.1/lib/rake/task.rb:281
  [1m[35m (0.3ms)[0m  [1m[35mCOMMIT[0m
  ↳ /Users/Chris/.rvm/rubies/ruby-2.7.0/lib/ruby/gems/2.7.0/gems/rake-13.0.1/lib/rake/task.rb:281
  [1m[35m (2.6ms)[0m  [1m[34mSELECT pg_advisory_unlock(5073945470573576205)[0m
  ↳ /Users/Chris/.rvm/rubies/ruby-2.7.0/lib/ruby/gems/2.7.0/gems/rake-13.0.1/lib/rake/task.rb:281
  [1m[35m (1.0ms)[0m  [1m[34mSELECT "schema_migrations"."version" FROM "schema_migrations" ORDER BY "schema_migrations"."version" ASC[0m
  ↳ /Users/Chris/.rvm/rubies/ruby-2.7.0/lib/ruby/gems/2.7.0/gems/rake-13.0.1/lib/rake/task.rb:281
  [1m[36mHousehold Load (1.4ms)[0m  [1m[34mSELECT "households".* FROM "households"[0m
  [1m[35m (0.3ms)[0m  [1m[34mSELECT pg_try_advisory_lock(5073945470573576205)[0m
  ↳ /Users/Chris/.rvm/rubies/ruby-2.7.0/lib/ruby/gems/2.7.0/gems/rake-13.0.1/lib/rake/task.rb:281
  [1m[35m (7.9ms)[0m  [1m[34mSELECT "schema_migrations"."version" FROM "schema_migrations" ORDER BY "schema_migrations"."version" ASC[0m
  ↳ /Users/Chris/.rvm/rubies/ruby-2.7.0/lib/ruby/gems/2.7.0/gems/rake-13.0.1/lib/rake/task.rb:281
Migrating to AddFrequencyToChores (20200922022926)
  [1m[35m (0.3ms)[0m  [1m[35mBEGIN[0m
  ↳ /Users/Chris/.rvm/rubies/ruby-2.7.0/lib/ruby/gems/2.7.0/gems/rake-13.0.1/lib/rake/task.rb:281
  [1m[35m (31.5ms)[0m  [1m[35mALTER TABLE "chores" ADD "frequency" integer[0m
  ↳ db/migrate/20200922022926_add_frequency_to_chores.rb:3
  [1m[36mActiveRecord::SchemaMigration Create (1.1ms)[0m  [1m[32mINSERT INTO "schema_migrations" ("version") VALUES ($1) RETURNING "version"[0m  [["version", "20200922022926"]]
  ↳ /Users/Chris/.rvm/rubies/ruby-2.7.0/lib/ruby/gems/2.7.0/gems/rake-13.0.1/lib/rake/task.rb:281
  [1m[35m (1.1ms)[0m  [1m[35mCOMMIT[0m
  ↳ /Users/Chris/.rvm/rubies/ruby-2.7.0/lib/ruby/gems/2.7.0/gems/rake-13.0.1/lib/rake/task.rb:281
  [1m[36mActiveRecord::InternalMetadata Load (0.6ms)[0m  [1m[34mSELECT  "ar_internal_metadata".* FROM "ar_internal_metadata" WHERE "ar_internal_metadata"."key" = $1 LIMIT $2[0m  [["key", "environment"], ["LIMIT", 1]]
  ↳ /Users/Chris/.rvm/rubies/ruby-2.7.0/lib/ruby/gems/2.7.0/gems/rake-13.0.1/lib/rake/task.rb:281
  [1m[35m (0.2ms)[0m  [1m[35mBEGIN[0m
  ↳ /Users/Chris/.rvm/rubies/ruby-2.7.0/lib/ruby/gems/2.7.0/gems/rake-13.0.1/lib/rake/task.rb:281
  [1m[35m (0.2ms)[0m  [1m[35mCOMMIT[0m
  ↳ /Users/Chris/.rvm/rubies/ruby-2.7.0/lib/ruby/gems/2.7.0/gems/rake-13.0.1/lib/rake/task.rb:281
  [1m[35m (0.3ms)[0m  [1m[34mSELECT pg_advisory_unlock(5073945470573576205)[0m
  ↳ /Users/Chris/.rvm/rubies/ruby-2.7.0/lib/ruby/gems/2.7.0/gems/rake-13.0.1/lib/rake/task.rb:281
  [1m[35m (0.3ms)[0m  [1m[34mSELECT "schema_migrations"."version" FROM "schema_migrations" ORDER BY "schema_migrations"."version" ASC[0m
  ↳ /Users/Chris/.rvm/rubies/ruby-2.7.0/lib/ruby/gems/2.7.0/gems/rake-13.0.1/lib/rake/task.rb:281
  [1m[35m (1.1ms)[0m  [1m[34mSELECT "schema_migrations"."version" FROM "schema_migrations" ORDER BY "schema_migrations"."version" ASC[0m
  ↳ /Users/Chris/.rvm/rubies/ruby-2.7.0/lib/ruby/gems/2.7.0/gems/rake-13.0.1/lib/rake/task.rb:281
  [1m[36mUser Load (1.3ms)[0m  [1m[34mSELECT "users".* FROM "users"[0m
  ↳ db/seeds.rb:2
  [1m[35m (0.3ms)[0m  [1m[35mBEGIN[0m
  ↳ db/seeds.rb:2
  [1m[35m (0.2ms)[0m  [1m[31mROLLBACK[0m
  ↳ db/seeds.rb:2
  [1m[35m (1.0ms)[0m  [1m[34mSELECT "schema_migrations"."version" FROM "schema_migrations" ORDER BY "schema_migrations"."version" ASC[0m
  ↳ /Users/Chris/.rvm/rubies/ruby-2.7.0/lib/ruby/gems/2.7.0/gems/rake-13.0.1/lib/rake/task.rb:281
  [1m[36mUser Load (0.8ms)[0m  [1m[34mSELECT "users".* FROM "users"[0m
  ↳ db/seeds.rb:2
  [1m[35m (0.2ms)[0m  [1m[35mBEGIN[0m
  ↳ db/seeds.rb:2
  [1m[35m (0.2ms)[0m  [1m[31mROLLBACK[0m
  ↳ db/seeds.rb:2
  [1m[35m (1.0ms)[0m  [1m[34mSELECT "schema_migrations"."version" FROM "schema_migrations" ORDER BY "schema_migrations"."version" ASC[0m
  ↳ /Users/Chris/.rvm/rubies/ruby-2.7.0/lib/ruby/gems/2.7.0/gems/rake-13.0.1/lib/rake/task.rb:281
  [1m[36mUser Load (0.9ms)[0m  [1m[34mSELECT "users".* FROM "users"[0m
  ↳ db/seeds.rb:2
  [1m[35m (0.3ms)[0m  [1m[35mBEGIN[0m
  ↳ db/seeds.rb:2
  [1m[36mUser Destroy (32.4ms)[0m  [1m[31mDELETE FROM "users" WHERE "users"."id" = $1[0m  [["id", 1]]
  ↳ db/seeds.rb:2
  [1m[35m (0.6ms)[0m  [1m[35mCOMMIT[0m
  ↳ db/seeds.rb:2
  [1m[35m (0.2ms)[0m  [1m[35mBEGIN[0m
  ↳ db/seeds.rb:2
  [1m[36mUser Destroy (1.0ms)[0m  [1m[31mDELETE FROM "users" WHERE "users"."id" = $1[0m  [["id", 2]]
  ↳ db/seeds.rb:2
  [1m[35m (0.4ms)[0m  [1m[35mCOMMIT[0m
  ↳ db/seeds.rb:2
  [1m[35m (0.1ms)[0m  [1m[35mBEGIN[0m
  ↳ db/seeds.rb:2
  [1m[36mUser Destroy (0.5ms)[0m  [1m[31mDELETE FROM "users" WHERE "users"."id" = $1[0m  [["id", 3]]
  ↳ db/seeds.rb:2
  [1m[35m (0.4ms)[0m  [1m[35mCOMMIT[0m
  ↳ db/seeds.rb:2
  [1m[35m (0.2ms)[0m  [1m[35mBEGIN[0m
  ↳ db/seeds.rb:4
  [1m[36mUser Create (0.7ms)[0m  [1m[32mINSERT INTO "users" ("first_name", "last_name", "email", "password_digest", "admin", "created_at", "updated_at") VALUES ($1, $2, $3, $4, $5, $6, $7) RETURNING "id"[0m  [["first_name", "Chris"], ["last_name", "Stevenson"], ["email", "chris@ga.co"], ["password_digest", "$2a$12$M2e3XUGgqPZcNaoaF63Jh.I/gSeafuqP3heT7qBKYS/Eux6/N6dz."], ["admin", true], ["created_at", "2020-09-22 02:46:05.825345"], ["updated_at", "2020-09-22 02:46:05.825345"]]
  ↳ db/seeds.rb:4
  [1m[35m (0.5ms)[0m  [1m[35mCOMMIT[0m
  ↳ db/seeds.rb:4
  [1m[35m (0.2ms)[0m  [1m[35mBEGIN[0m
  ↳ db/seeds.rb:11
  [1m[36mUser Create (0.5ms)[0m  [1m[32mINSERT INTO "users" ("first_name", "last_name", "email", "password_digest", "admin", "created_at", "updated_at") VALUES ($1, $2, $3, $4, $5, $6, $7) RETURNING "id"[0m  [["first_name", "Maddy"], ["last_name", "Stevenson"], ["email", "maddy@ga.co"], ["password_digest", "$2a$12$SQAy8PScxJr85dT18wAKzuzW09OUr43Ad/ECHkvFKArYpcG6Pm9Rq"], ["admin", false], ["created_at", "2020-09-22 02:46:06.143744"], ["updated_at", "2020-09-22 02:46:06.143744"]]
  ↳ db/seeds.rb:11
  [1m[35m (1.1ms)[0m  [1m[35mCOMMIT[0m
  ↳ db/seeds.rb:11
  [1m[35m (0.2ms)[0m  [1m[35mBEGIN[0m
  ↳ db/seeds.rb:18
  [1m[36mUser Create (0.5ms)[0m  [1m[32mINSERT INTO "users" ("first_name", "last_name", "email", "password_digest", "admin", "created_at", "updated_at") VALUES ($1, $2, $3, $4, $5, $6, $7) RETURNING "id"[0m  [["first_name", "Luke"], ["last_name", "Hammer"], ["email", "luke@ga.co"], ["password_digest", "$2a$12$L2lacbWX9mpKwc//bj0w7uSeQ8PEdhtMRmSu6ehQG4vQk8pIKHhWe"], ["admin", false], ["created_at", "2020-09-22 02:46:06.467797"], ["updated_at", "2020-09-22 02:46:06.467797"]]
  ↳ db/seeds.rb:18
  [1m[35m (1.1ms)[0m  [1m[35mCOMMIT[0m
  ↳ db/seeds.rb:18
  [1m[35m (0.2ms)[0m  [1m[35mBEGIN[0m
  ↳ db/seeds.rb:25
  [1m[36mUser Create (0.4ms)[0m  [1m[32mINSERT INTO "users" ("first_name", "last_name", "email", "password_digest", "admin", "created_at", "updated_at") VALUES ($1, $2, $3, $4, $5, $6, $7) RETURNING "id"[0m  [["first_name", "Zara"], ["last_name", "Isp"], ["email", "zara@ga.co"], ["password_digest", "$2a$12$ga7e7zd.4x/U2lqpxxVsgegpLbGgoNj0rbt5RyECdYMvRXcz59VcK"], ["admin", false], ["created_at", "2020-09-22 02:46:06.784481"], ["updated_at", "2020-09-22 02:46:06.784481"]]
  ↳ db/seeds.rb:25
  [1m[35m (0.9ms)[0m  [1m[35mCOMMIT[0m
  ↳ db/seeds.rb:25
  [1m[35m (0.6ms)[0m  [1m[34mSELECT COUNT(*) FROM "users"[0m
  ↳ db/seeds.rb:33
  [1m[36mHousehold Load (0.8ms)[0m  [1m[34mSELECT "households".* FROM "households"[0m
  ↳ db/seeds.rb:38
  [1m[35m (0.2ms)[0m  [1m[35mBEGIN[0m
  ↳ db/seeds.rb:40
  [1m[36mHousehold Create (12.2ms)[0m  [1m[32mINSERT INTO "households" ("name", "created_at", "updated_at") VALUES ($1, $2, $3) RETURNING "id"[0m  [["name", "Stevenson Household"], ["created_at", "2020-09-22 02:46:06.804093"], ["updated_at", "2020-09-22 02:46:06.804093"]]
  ↳ db/seeds.rb:40
  [1m[35m (6.1ms)[0m  [1m[35mCOMMIT[0m
  ↳ db/seeds.rb:40
  [1m[35m (0.2ms)[0m  [1m[35mBEGIN[0m
  ↳ db/seeds.rb:43
  [1m[36mHousehold Create (0.9ms)[0m  [1m[32mINSERT INTO "households" ("name", "created_at", "updated_at") VALUES ($1, $2, $3) RETURNING "id"[0m  [["name", "Textchimp Treehouse"], ["created_at", "2020-09-22 02:46:06.825271"], ["updated_at", "2020-09-22 02:46:06.825271"]]
  ↳ db/seeds.rb:43
  [1m[35m (5.4ms)[0m  [1m[35mCOMMIT[0m
  ↳ db/seeds.rb:43
  [1m[35m (0.2ms)[0m  [1m[35mBEGIN[0m
  ↳ db/seeds.rb:46
  [1m[36mHousehold Create (0.6ms)[0m  [1m[32mINSERT INTO "households" ("name", "created_at", "updated_at") VALUES ($1, $2, $3) RETURNING "id"[0m  [["name", "Z Space"], ["created_at", "2020-09-22 02:46:06.835523"], ["updated_at", "2020-09-22 02:46:06.835523"]]
  ↳ db/seeds.rb:46
  [1m[35m (0.7ms)[0m  [1m[35mCOMMIT[0m
  ↳ db/seeds.rb:46
  [1m[35m (0.5ms)[0m  [1m[34mSELECT COUNT(*) FROM "households"[0m
  ↳ db/seeds.rb:50
  [1m[36mChore Load (2.5ms)[0m  [1m[34mSELECT "chores".* FROM "chores"[0m
  ↳ db/seeds.rb:55
  [1m[35m (0.2ms)[0m  [1m[35mBEGIN[0m
  ↳ db/seeds.rb:57
  [1m[36mChore Create (0.8ms)[0m  [1m[32mINSERT INTO "chores" ("name", "location", "est_time", "user_id", "household_id", "created_at", "updated_at", "frequency") VALUES ($1, $2, $3, $4, $5, $6, $7, $8) RETURNING "id"[0m  [["name", "Wash the dishes"], ["location", "Kitchen"], ["est_time", 15], ["user_id", "4"], ["household_id", "1"], ["created_at", "2020-09-22 02:46:06.882913"], ["updated_at", "2020-09-22 02:46:06.882913"], ["frequency", 1]]
  ↳ db/seeds.rb:57
  [1m[35m (0.5ms)[0m  [1m[35mCOMMIT[0m
  ↳ db/seeds.rb:57
  [1m[35m (0.4ms)[0m  [1m[34mSELECT COUNT(*) FROM "chores"[0m
  ↳ db/seeds.rb:66
  [1m[36mUser Load (2.2ms)[0m  [1m[34mSELECT  "users".* FROM "users" ORDER BY "users"."id" ASC LIMIT $1[0m  [["LIMIT", 1]]
  [1m[36mUser Load (0.6ms)[0m  [1m[34mSELECT  "users".* FROM "users" ORDER BY "users"."id" ASC LIMIT $1[0m  [["LIMIT", 1]]
  [1m[36mChore Load (0.7ms)[0m  [1m[34mSELECT "chores".* FROM "chores" WHERE "chores"."user_id" = $1[0m  [["user_id", "4"]]
  [1m[36mHousehold Load (1.1ms)[0m  [1m[34mSELECT "households".* FROM "households"[0m
  [1m[36mHousehold Load (0.5ms)[0m  [1m[34mSELECT  "households".* FROM "households" ORDER BY "households"."id" ASC LIMIT $1[0m  [["LIMIT", 1]]
  [1m[36mHousehold Load (0.5ms)[0m  [1m[34mSELECT  "households".* FROM "households" ORDER BY "households"."id" ASC LIMIT $1[0m  [["LIMIT", 1]]
  [1m[36mChore Load (0.5ms)[0m  [1m[34mSELECT "chores".* FROM "chores" WHERE "chores"."household_id" = $1[0m  [["household_id", "1"]]
  [1m[36mHousehold Load (0.4ms)[0m  [1m[34mSELECT  "households".* FROM "households" ORDER BY "households"."id" ASC LIMIT $1[0m  [["LIMIT", 1]]
  [1m[35m (1.3ms)[0m  [1m[34mSELECT "schema_migrations"."version" FROM "schema_migrations" ORDER BY "schema_migrations"."version" ASC[0m
  ↳ /Users/Chris/.rvm/rubies/ruby-2.7.0/lib/ruby/gems/2.7.0/gems/rake-13.0.1/lib/rake/task.rb:281
  [1m[35m (1.1ms)[0m  [1m[34mSELECT "schema_migrations"."version" FROM "schema_migrations" ORDER BY "schema_migrations"."version" ASC[0m
  ↳ /Users/Chris/.rvm/rubies/ruby-2.7.0/lib/ruby/gems/2.7.0/gems/rake-13.0.1/lib/rake/task.rb:281
  [1m[35m (0.3ms)[0m  [1m[34mSELECT pg_try_advisory_lock(5073945470573576205)[0m
  ↳ /Users/Chris/.rvm/rubies/ruby-2.7.0/lib/ruby/gems/2.7.0/gems/rake-13.0.1/lib/rake/task.rb:281
  [1m[35m (0.9ms)[0m  [1m[34mSELECT "schema_migrations"."version" FROM "schema_migrations" ORDER BY "schema_migrations"."version" ASC[0m
  ↳ /Users/Chris/.rvm/rubies/ruby-2.7.0/lib/ruby/gems/2.7.0/gems/rake-13.0.1/lib/rake/task.rb:281
Migrating to CreateUsersHouseholdsTable (20200922040116)
  [1m[35m (0.3ms)[0m  [1m[34mSELECT pg_advisory_unlock(5073945470573576205)[0m
  ↳ /Users/Chris/.rvm/rubies/ruby-2.7.0/lib/ruby/gems/2.7.0/gems/rake-13.0.1/lib/rake/task.rb:281
  [1m[35m (1.0ms)[0m  [1m[34mSELECT "schema_migrations"."version" FROM "schema_migrations" ORDER BY "schema_migrations"."version" ASC[0m
  ↳ /Users/Chris/.rvm/rubies/ruby-2.7.0/lib/ruby/gems/2.7.0/gems/rake-13.0.1/lib/rake/task.rb:281
  [1m[35m (0.4ms)[0m  [1m[34mSELECT pg_try_advisory_lock(5073945470573576205)[0m
  ↳ /Users/Chris/.rvm/rubies/ruby-2.7.0/lib/ruby/gems/2.7.0/gems/rake-13.0.1/lib/rake/task.rb:281
  [1m[35m (1.0ms)[0m  [1m[34mSELECT "schema_migrations"."version" FROM "schema_migrations" ORDER BY "schema_migrations"."version" ASC[0m
  ↳ /Users/Chris/.rvm/rubies/ruby-2.7.0/lib/ruby/gems/2.7.0/gems/rake-13.0.1/lib/rake/task.rb:281
Migrating to CreateUsersHouseholds (20200922040342)
  [1m[35m (0.2ms)[0m  [1m[35mBEGIN[0m
  ↳ /Users/Chris/.rvm/rubies/ruby-2.7.0/lib/ruby/gems/2.7.0/gems/rake-13.0.1/lib/rake/task.rb:281
  [1m[35m (69.4ms)[0m  [1m[35mCREATE TABLE "users_households" ("id" bigserial primary key, "user_id" bigint, "household_id" bigint)[0m
  ↳ db/migrate/20200922040342_create_users_households.rb:3
  [1m[35m (26.4ms)[0m  [1m[35mCREATE  INDEX  "index_users_households_on_user_id" ON "users_households"  ("user_id")[0m
  ↳ db/migrate/20200922040342_create_users_households.rb:3
  [1m[35m (2.6ms)[0m  [1m[35mCREATE  INDEX  "index_users_households_on_household_id" ON "users_households"  ("household_id")[0m
  ↳ db/migrate/20200922040342_create_users_households.rb:3
  [1m[36mActiveRecord::SchemaMigration Create (0.6ms)[0m  [1m[32mINSERT INTO "schema_migrations" ("version") VALUES ($1) RETURNING "version"[0m  [["version", "20200922040342"]]
  ↳ /Users/Chris/.rvm/rubies/ruby-2.7.0/lib/ruby/gems/2.7.0/gems/rake-13.0.1/lib/rake/task.rb:281
  [1m[35m (1.6ms)[0m  [1m[35mCOMMIT[0m
  ↳ /Users/Chris/.rvm/rubies/ruby-2.7.0/lib/ruby/gems/2.7.0/gems/rake-13.0.1/lib/rake/task.rb:281
  [1m[36mActiveRecord::InternalMetadata Load (0.9ms)[0m  [1m[34mSELECT  "ar_internal_metadata".* FROM "ar_internal_metadata" WHERE "ar_internal_metadata"."key" = $1 LIMIT $2[0m  [["key", "environment"], ["LIMIT", 1]]
  ↳ /Users/Chris/.rvm/rubies/ruby-2.7.0/lib/ruby/gems/2.7.0/gems/rake-13.0.1/lib/rake/task.rb:281
  [1m[35m (0.2ms)[0m  [1m[35mBEGIN[0m
  ↳ /Users/Chris/.rvm/rubies/ruby-2.7.0/lib/ruby/gems/2.7.0/gems/rake-13.0.1/lib/rake/task.rb:281
  [1m[35m (0.1ms)[0m  [1m[35mCOMMIT[0m
  ↳ /Users/Chris/.rvm/rubies/ruby-2.7.0/lib/ruby/gems/2.7.0/gems/rake-13.0.1/lib/rake/task.rb:281
  [1m[35m (0.4ms)[0m  [1m[34mSELECT pg_advisory_unlock(5073945470573576205)[0m
  ↳ /Users/Chris/.rvm/rubies/ruby-2.7.0/lib/ruby/gems/2.7.0/gems/rake-13.0.1/lib/rake/task.rb:281
  [1m[35m (0.3ms)[0m  [1m[34mSELECT "schema_migrations"."version" FROM "schema_migrations" ORDER BY "schema_migrations"."version" ASC[0m
  ↳ /Users/Chris/.rvm/rubies/ruby-2.7.0/lib/ruby/gems/2.7.0/gems/rake-13.0.1/lib/rake/task.rb:281
  [1m[35m (1.1ms)[0m  [1m[34mSELECT "schema_migrations"."version" FROM "schema_migrations" ORDER BY "schema_migrations"."version" ASC[0m
  ↳ /Users/Chris/.rvm/rubies/ruby-2.7.0/lib/ruby/gems/2.7.0/gems/rake-13.0.1/lib/rake/task.rb:281
  [1m[36mUser Load (0.8ms)[0m  [1m[34mSELECT "users".* FROM "users"[0m
  ↳ db/seeds.rb:2
  [1m[35m (0.2ms)[0m  [1m[35mBEGIN[0m
  ↳ db/seeds.rb:2
  [1m[35m (0.2ms)[0m  [1m[31mROLLBACK[0m
  ↳ db/seeds.rb:2
  [1m[35m (1.0ms)[0m  [1m[34mSELECT "schema_migrations"."version" FROM "schema_migrations" ORDER BY "schema_migrations"."version" ASC[0m
  ↳ /Users/Chris/.rvm/rubies/ruby-2.7.0/lib/ruby/gems/2.7.0/gems/rake-13.0.1/lib/rake/task.rb:281
  [1m[36mUser Load (0.8ms)[0m  [1m[34mSELECT "users".* FROM "users"[0m
  ↳ db/seeds.rb:2
  [1m[35m (0.3ms)[0m  [1m[35mBEGIN[0m
  ↳ db/seeds.rb:2
  [1m[35m (0.1ms)[0m  [1m[31mROLLBACK[0m
  ↳ db/seeds.rb:2
  [1m[35m (1.0ms)[0m  [1m[34mSELECT "schema_migrations"."version" FROM "schema_migrations" ORDER BY "schema_migrations"."version" ASC[0m
  ↳ /Users/Chris/.rvm/rubies/ruby-2.7.0/lib/ruby/gems/2.7.0/gems/rake-13.0.1/lib/rake/task.rb:281
  [1m[35m (0.3ms)[0m  [1m[34mSELECT "schema_migrations"."version" FROM "schema_migrations" ORDER BY "schema_migrations"."version" ASC[0m
  ↳ /Users/Chris/.rvm/rubies/ruby-2.7.0/lib/ruby/gems/2.7.0/gems/rake-13.0.1/lib/rake/task.rb:281
  [1m[35m (0.2ms)[0m  [1m[34mSELECT "schema_migrations"."version" FROM "schema_migrations" ORDER BY "schema_migrations"."version" ASC[0m
  ↳ /Users/Chris/.rvm/rubies/ruby-2.7.0/lib/ruby/gems/2.7.0/gems/rake-13.0.1/lib/rake/task.rb:281
  [1m[35m (0.2ms)[0m  [1m[34mSELECT pg_try_advisory_lock(5073945470573576205)[0m
  ↳ /Users/Chris/.rvm/rubies/ruby-2.7.0/lib/ruby/gems/2.7.0/gems/rake-13.0.1/lib/rake/task.rb:281
  [1m[35m (0.3ms)[0m  [1m[34mSELECT "schema_migrations"."version" FROM "schema_migrations" ORDER BY "schema_migrations"."version" ASC[0m
  ↳ /Users/Chris/.rvm/rubies/ruby-2.7.0/lib/ruby/gems/2.7.0/gems/rake-13.0.1/lib/rake/task.rb:281
Migrating to CreateUsersHouseholds (20200922040342)
  [1m[35m (0.2ms)[0m  [1m[35mBEGIN[0m
  ↳ /Users/Chris/.rvm/rubies/ruby-2.7.0/lib/ruby/gems/2.7.0/gems/rake-13.0.1/lib/rake/task.rb:281
  [1m[35m (38.0ms)[0m  [1m[35mDROP TABLE "users_households"[0m
  ↳ /Users/Chris/.rvm/rubies/ruby-2.7.0/lib/ruby/gems/2.7.0/gems/rake-13.0.1/lib/rake/task.rb:281
  [1m[36mActiveRecord::SchemaMigration Destroy (1.1ms)[0m  [1m[31mDELETE FROM "schema_migrations" WHERE "schema_migrations"."version" = $1[0m  [["version", "20200922040342"]]
  ↳ /Users/Chris/.rvm/rubies/ruby-2.7.0/lib/ruby/gems/2.7.0/gems/rake-13.0.1/lib/rake/task.rb:281
  [1m[35m (4.6ms)[0m  [1m[35mCOMMIT[0m
  ↳ /Users/Chris/.rvm/rubies/ruby-2.7.0/lib/ruby/gems/2.7.0/gems/rake-13.0.1/lib/rake/task.rb:281
  [1m[35m (0.7ms)[0m  [1m[34mSELECT pg_advisory_unlock(5073945470573576205)[0m
  ↳ /Users/Chris/.rvm/rubies/ruby-2.7.0/lib/ruby/gems/2.7.0/gems/rake-13.0.1/lib/rake/task.rb:281
  [1m[35m (0.5ms)[0m  [1m[34mSELECT "schema_migrations"."version" FROM "schema_migrations" ORDER BY "schema_migrations"."version" ASC[0m
  ↳ /Users/Chris/.rvm/rubies/ruby-2.7.0/lib/ruby/gems/2.7.0/gems/rake-13.0.1/lib/rake/task.rb:281
  [1m[35m (1.2ms)[0m  [1m[34mSELECT "schema_migrations"."version" FROM "schema_migrations" ORDER BY "schema_migrations"."version" ASC[0m
  ↳ /Users/Chris/.rvm/rubies/ruby-2.7.0/lib/ruby/gems/2.7.0/gems/rake-13.0.1/lib/rake/task.rb:281
  [1m[35m (0.3ms)[0m  [1m[34mSELECT pg_try_advisory_lock(5073945470573576205)[0m
  ↳ /Users/Chris/.rvm/rubies/ruby-2.7.0/lib/ruby/gems/2.7.0/gems/rake-13.0.1/lib/rake/task.rb:281
  [1m[35m (0.9ms)[0m  [1m[34mSELECT "schema_migrations"."version" FROM "schema_migrations" ORDER BY "schema_migrations"."version" ASC[0m
  ↳ /Users/Chris/.rvm/rubies/ruby-2.7.0/lib/ruby/gems/2.7.0/gems/rake-13.0.1/lib/rake/task.rb:281
Migrating to CreateHouseholdsUsers (20200922040522)
  [1m[35m (0.2ms)[0m  [1m[35mBEGIN[0m
  ↳ /Users/Chris/.rvm/rubies/ruby-2.7.0/lib/ruby/gems/2.7.0/gems/rake-13.0.1/lib/rake/task.rb:281
  [1m[35m (15.4ms)[0m  [1m[35mCREATE TABLE "households_users" ("id" bigserial primary key, "household_id" bigint, "user_id" bigint)[0m
  ↳ db/migrate/20200922040522_create_households_users.rb:3
  [1m[35m (8.1ms)[0m  [1m[35mCREATE  INDEX  "index_households_users_on_household_id" ON "households_users"  ("household_id")[0m
  ↳ db/migrate/20200922040522_create_households_users.rb:3
  [1m[35m (7.8ms)[0m  [1m[35mCREATE  INDEX  "index_households_users_on_user_id" ON "households_users"  ("user_id")[0m
  ↳ db/migrate/20200922040522_create_households_users.rb:3
  [1m[36mActiveRecord::SchemaMigration Create (0.8ms)[0m  [1m[32mINSERT INTO "schema_migrations" ("version") VALUES ($1) RETURNING "version"[0m  [["version", "20200922040522"]]
  ↳ /Users/Chris/.rvm/rubies/ruby-2.7.0/lib/ruby/gems/2.7.0/gems/rake-13.0.1/lib/rake/task.rb:281
  [1m[35m (6.9ms)[0m  [1m[35mCOMMIT[0m
  ↳ /Users/Chris/.rvm/rubies/ruby-2.7.0/lib/ruby/gems/2.7.0/gems/rake-13.0.1/lib/rake/task.rb:281
  [1m[36mActiveRecord::InternalMetadata Load (0.8ms)[0m  [1m[34mSELECT  "ar_internal_metadata".* FROM "ar_internal_metadata" WHERE "ar_internal_metadata"."key" = $1 LIMIT $2[0m  [["key", "environment"], ["LIMIT", 1]]
  ↳ /Users/Chris/.rvm/rubies/ruby-2.7.0/lib/ruby/gems/2.7.0/gems/rake-13.0.1/lib/rake/task.rb:281
  [1m[35m (0.2ms)[0m  [1m[35mBEGIN[0m
  ↳ /Users/Chris/.rvm/rubies/ruby-2.7.0/lib/ruby/gems/2.7.0/gems/rake-13.0.1/lib/rake/task.rb:281
  [1m[35m (0.2ms)[0m  [1m[35mCOMMIT[0m
  ↳ /Users/Chris/.rvm/rubies/ruby-2.7.0/lib/ruby/gems/2.7.0/gems/rake-13.0.1/lib/rake/task.rb:281
  [1m[35m (4.6ms)[0m  [1m[34mSELECT pg_advisory_unlock(5073945470573576205)[0m
  ↳ /Users/Chris/.rvm/rubies/ruby-2.7.0/lib/ruby/gems/2.7.0/gems/rake-13.0.1/lib/rake/task.rb:281
  [1m[35m (0.4ms)[0m  [1m[34mSELECT "schema_migrations"."version" FROM "schema_migrations" ORDER BY "schema_migrations"."version" ASC[0m
  ↳ /Users/Chris/.rvm/rubies/ruby-2.7.0/lib/ruby/gems/2.7.0/gems/rake-13.0.1/lib/rake/task.rb:281
  [1m[35m (1.0ms)[0m  [1m[34mSELECT "schema_migrations"."version" FROM "schema_migrations" ORDER BY "schema_migrations"."version" ASC[0m
  ↳ /Users/Chris/.rvm/rubies/ruby-2.7.0/lib/ruby/gems/2.7.0/gems/rake-13.0.1/lib/rake/task.rb:281
  [1m[36mUser Load (0.8ms)[0m  [1m[34mSELECT "users".* FROM "users"[0m
  ↳ db/seeds.rb:2
  [1m[35m (0.2ms)[0m  [1m[35mBEGIN[0m
  ↳ db/seeds.rb:2
  [1m[36mUser::HABTM_Households Destroy (1.6ms)[0m  [1m[31mDELETE FROM "households_users" WHERE "households_users"."user_id" = $1[0m  [["user_id", 4]]
  ↳ db/seeds.rb:2
  [1m[36mUser Destroy (0.8ms)[0m  [1m[31mDELETE FROM "users" WHERE "users"."id" = $1[0m  [["id", 4]]
  ↳ db/seeds.rb:2
  [1m[35m (6.2ms)[0m  [1m[35mCOMMIT[0m
  ↳ db/seeds.rb:2
  [1m[35m (0.3ms)[0m  [1m[35mBEGIN[0m
  ↳ db/seeds.rb:2
  [1m[36mUser::HABTM_Households Destroy (1.1ms)[0m  [1m[31mDELETE FROM "households_users" WHERE "households_users"."user_id" = $1[0m  [["user_id", 5]]
  ↳ db/seeds.rb:2
  [1m[36mUser Destroy (0.5ms)[0m  [1m[31mDELETE FROM "users" WHERE "users"."id" = $1[0m  [["id", 5]]
  ↳ db/seeds.rb:2
  [1m[35m (6.6ms)[0m  [1m[35mCOMMIT[0m
  ↳ db/seeds.rb:2
  [1m[35m (0.2ms)[0m  [1m[35mBEGIN[0m
  ↳ db/seeds.rb:2
  [1m[36mUser::HABTM_Households Destroy (0.7ms)[0m  [1m[31mDELETE FROM "households_users" WHERE "households_users"."user_id" = $1[0m  [["user_id", 6]]
  ↳ db/seeds.rb:2
  [1m[36mUser Destroy (0.8ms)[0m  [1m[31mDELETE FROM "users" WHERE "users"."id" = $1[0m  [["id", 6]]
  ↳ db/seeds.rb:2
  [1m[35m (0.7ms)[0m  [1m[35mCOMMIT[0m
  ↳ db/seeds.rb:2
  [1m[35m (0.2ms)[0m  [1m[35mBEGIN[0m
  ↳ db/seeds.rb:2
  [1m[36mUser::HABTM_Households Destroy (2.7ms)[0m  [1m[31mDELETE FROM "households_users" WHERE "households_users"."user_id" = $1[0m  [["user_id", 7]]
  ↳ db/seeds.rb:2
  [1m[36mUser Destroy (0.6ms)[0m  [1m[31mDELETE FROM "users" WHERE "users"."id" = $1[0m  [["id", 7]]
  ↳ db/seeds.rb:2
  [1m[35m (0.6ms)[0m  [1m[35mCOMMIT[0m
  ↳ db/seeds.rb:2
  [1m[35m (0.2ms)[0m  [1m[35mBEGIN[0m
  ↳ db/seeds.rb:4
  [1m[36mUser Create (0.7ms)[0m  [1m[32mINSERT INTO "users" ("first_name", "last_name", "email", "password_digest", "admin", "created_at", "updated_at") VALUES ($1, $2, $3, $4, $5, $6, $7) RETURNING "id"[0m  [["first_name", "Chris"], ["last_name", "Stevenson"], ["email", "chris@ga.co"], ["password_digest", "$2a$12$EPIvH.VDBOQLrOSWU12N6OPFMRga1vbIWuSxPBExfJ0c7/d2qB8YG"], ["admin", true], ["created_at", "2020-09-22 04:05:45.898875"], ["updated_at", "2020-09-22 04:05:45.898875"]]
  ↳ db/seeds.rb:4
  [1m[35m (1.1ms)[0m  [1m[35mCOMMIT[0m
  ↳ db/seeds.rb:4
  [1m[35m (0.2ms)[0m  [1m[35mBEGIN[0m
  ↳ db/seeds.rb:11
  [1m[36mUser Create (0.4ms)[0m  [1m[32mINSERT INTO "users" ("first_name", "last_name", "email", "password_digest", "admin", "created_at", "updated_at") VALUES ($1, $2, $3, $4, $5, $6, $7) RETURNING "id"[0m  [["first_name", "Maddy"], ["last_name", "Stevenson"], ["email", "maddy@ga.co"], ["password_digest", "$2a$12$tHgwqD4I/KsrQ7jz6WL9her2lO.89Sw5JeXx/wzzS1q1OVRCAFNV."], ["admin", false], ["created_at", "2020-09-22 04:05:46.217519"], ["updated_at", "2020-09-22 04:05:46.217519"]]
  ↳ db/seeds.rb:11
  [1m[35m (6.1ms)[0m  [1m[35mCOMMIT[0m
  ↳ db/seeds.rb:11
  [1m[35m (0.2ms)[0m  [1m[35mBEGIN[0m
  ↳ db/seeds.rb:18
  [1m[36mUser Create (0.4ms)[0m  [1m[32mINSERT INTO "users" ("first_name", "last_name", "email", "password_digest", "admin", "created_at", "updated_at") VALUES ($1, $2, $3, $4, $5, $6, $7) RETURNING "id"[0m  [["first_name", "Luke"], ["last_name", "Hammer"], ["email", "luke@ga.co"], ["password_digest", "$2a$12$IGL9rOb1kI0f.jDq8A65L.rqH86PvpDsgUBkMMQxkvm65VoaiVCTS"], ["admin", false], ["created_at", "2020-09-22 04:05:46.544035"], ["updated_at", "2020-09-22 04:05:46.544035"]]
  ↳ db/seeds.rb:18
  [1m[35m (1.1ms)[0m  [1m[35mCOMMIT[0m
  ↳ db/seeds.rb:18
  [1m[35m (0.2ms)[0m  [1m[35mBEGIN[0m
  ↳ db/seeds.rb:25
  [1m[36mUser Create (0.5ms)[0m  [1m[32mINSERT INTO "users" ("first_name", "last_name", "email", "password_digest", "admin", "created_at", "updated_at") VALUES ($1, $2, $3, $4, $5, $6, $7) RETURNING "id"[0m  [["first_name", "Zara"], ["last_name", "Isp"], ["email", "zara@ga.co"], ["password_digest", "$2a$12$/6xVe4gIfgj0DEtc9wSkM.EA/PWvq9Ku4LDJJUX2amIjnrZRZjqi2"], ["admin", false], ["created_at", "2020-09-22 04:05:46.857197"], ["updated_at", "2020-09-22 04:05:46.857197"]]
  ↳ db/seeds.rb:25
  [1m[35m (0.9ms)[0m  [1m[35mCOMMIT[0m
  ↳ db/seeds.rb:25
  [1m[35m (0.7ms)[0m  [1m[34mSELECT COUNT(*) FROM "users"[0m
  ↳ db/seeds.rb:33
  [1m[36mHousehold Load (0.8ms)[0m  [1m[34mSELECT "households".* FROM "households"[0m
  ↳ db/seeds.rb:38
  [1m[35m (0.2ms)[0m  [1m[35mBEGIN[0m
  ↳ db/seeds.rb:38
  [1m[36mHousehold::HABTM_Users Destroy (0.5ms)[0m  [1m[31mDELETE FROM "households_users" WHERE "households_users"."household_id" = $1[0m  [["household_id", 1]]
  ↳ db/seeds.rb:38
  [1m[36mHousehold Destroy (0.4ms)[0m  [1m[31mDELETE FROM "households" WHERE "households"."id" = $1[0m  [["id", 1]]
  ↳ db/seeds.rb:38
  [1m[35m (0.4ms)[0m  [1m[35mCOMMIT[0m
  ↳ db/seeds.rb:38
  [1m[35m (0.1ms)[0m  [1m[35mBEGIN[0m
  ↳ db/seeds.rb:38
  [1m[36mHousehold::HABTM_Users Destroy (0.4ms)[0m  [1m[31mDELETE FROM "households_users" WHERE "households_users"."household_id" = $1[0m  [["household_id", 2]]
  ↳ db/seeds.rb:38
  [1m[36mHousehold Destroy (0.4ms)[0m  [1m[31mDELETE FROM "households" WHERE "households"."id" = $1[0m  [["id", 2]]
  ↳ db/seeds.rb:38
  [1m[35m (0.4ms)[0m  [1m[35mCOMMIT[0m
  ↳ db/seeds.rb:38
  [1m[35m (0.2ms)[0m  [1m[35mBEGIN[0m
  ↳ db/seeds.rb:38
  [1m[36mHousehold::HABTM_Users Destroy (0.4ms)[0m  [1m[31mDELETE FROM "households_users" WHERE "households_users"."household_id" = $1[0m  [["household_id", 3]]
  ↳ db/seeds.rb:38
  [1m[36mHousehold Destroy (0.3ms)[0m  [1m[31mDELETE FROM "households" WHERE "households"."id" = $1[0m  [["id", 3]]
  ↳ db/seeds.rb:38
  [1m[35m (0.4ms)[0m  [1m[35mCOMMIT[0m
  ↳ db/seeds.rb:38
  [1m[35m (0.2ms)[0m  [1m[35mBEGIN[0m
  ↳ db/seeds.rb:40
  [1m[36mHousehold Create (0.6ms)[0m  [1m[32mINSERT INTO "households" ("name", "created_at", "updated_at") VALUES ($1, $2, $3) RETURNING "id"[0m  [["name", "Stevenson Household"], ["created_at", "2020-09-22 04:05:46.888258"], ["updated_at", "2020-09-22 04:05:46.888258"]]
  ↳ db/seeds.rb:40
  [1m[35m (0.5ms)[0m  [1m[35mCOMMIT[0m
  ↳ db/seeds.rb:40
  [1m[35m (0.1ms)[0m  [1m[35mBEGIN[0m
  ↳ db/seeds.rb:43
  [1m[36mHousehold Create (0.4ms)[0m  [1m[32mINSERT INTO "households" ("name", "created_at", "updated_at") VALUES ($1, $2, $3) RETURNING "id"[0m  [["name", "Textchimp Treehouse"], ["created_at", "2020-09-22 04:05:46.891294"], ["updated_at", "2020-09-22 04:05:46.891294"]]
  ↳ db/seeds.rb:43
  [1m[35m (0.4ms)[0m  [1m[35mCOMMIT[0m
  ↳ db/seeds.rb:43
  [1m[35m (0.1ms)[0m  [1m[35mBEGIN[0m
  ↳ db/seeds.rb:46
  [1m[36mHousehold Create (0.5ms)[0m  [1m[32mINSERT INTO "households" ("name", "created_at", "updated_at") VALUES ($1, $2, $3) RETURNING "id"[0m  [["name", "Z Space"], ["created_at", "2020-09-22 04:05:46.894238"], ["updated_at", "2020-09-22 04:05:46.894238"]]
  ↳ db/seeds.rb:46
  [1m[35m (0.5ms)[0m  [1m[35mCOMMIT[0m
  ↳ db/seeds.rb:46
  [1m[35m (0.4ms)[0m  [1m[34mSELECT COUNT(*) FROM "households"[0m
  ↳ db/seeds.rb:50
  [1m[36mChore Load (0.8ms)[0m  [1m[34mSELECT "chores".* FROM "chores"[0m
  ↳ db/seeds.rb:55
  [1m[35m (0.2ms)[0m  [1m[35mBEGIN[0m
  ↳ db/seeds.rb:55
  [1m[36mChore Destroy (0.5ms)[0m  [1m[31mDELETE FROM "chores" WHERE "chores"."id" = $1[0m  [["id", 1]]
  ↳ db/seeds.rb:55
  [1m[35m (6.4ms)[0m  [1m[35mCOMMIT[0m
  ↳ db/seeds.rb:55
  [1m[35m (0.2ms)[0m  [1m[35mBEGIN[0m
  ↳ db/seeds.rb:57
  [1m[36mChore Create (0.9ms)[0m  [1m[32mINSERT INTO "chores" ("name", "location", "est_time", "user_id", "household_id", "created_at", "updated_at", "frequency") VALUES ($1, $2, $3, $4, $5, $6, $7, $8) RETURNING "id"[0m  [["name", "Wash the dishes"], ["location", "Kitchen"], ["est_time", 15], ["user_id", "8"], ["household_id", "4"], ["created_at", "2020-09-22 04:05:46.926724"], ["updated_at", "2020-09-22 04:05:46.926724"], ["frequency", 1]]
  ↳ db/seeds.rb:57
  [1m[35m (0.6ms)[0m  [1m[35mCOMMIT[0m
  ↳ db/seeds.rb:57
  [1m[35m (0.6ms)[0m  [1m[34mSELECT COUNT(*) FROM "chores"[0m
  ↳ db/seeds.rb:66
  [1m[36mHousehold Load (1.6ms)[0m  [1m[34mSELECT  "households".* FROM "households" ORDER BY "households"."id" ASC LIMIT $1[0m  [["LIMIT", 1]]
